<?xml version="1.0" encoding="UTF-8"?>
<!-- Generated by org.testng.reporters.JUnitReportReporter -->
<testsuite hostname="NANY1203LP83ZP2" failures="0" tests="1" name="com.testing.GoogleTest" time="8.794" errors="0" timestamp="2022-02-25T00:44:34 EST" skipped="0">
  <testcase classname="com.testing.GoogleTest" name="googleGmailLinkVerify" time="8.794"/>
  <system-out/>
</testsuite> <!-- com.testing.GoogleTest -->
