<?xml version="1.0" encoding="UTF-8"?>
<!-- Generated by org.testng.reporters.JUnitReportReporter -->
<testsuite hostname="NANY1203LP83ZP2" failures="0" tests="1" name="com.testing.GoogleTest" time="12.346" errors="0" timestamp="2022-02-26T12:06:01 EST" skipped="0">
  <testcase classname="com.testing.GoogleTest" name="googleTitleVerify" time="12.346"/>
  <system-out/>
</testsuite> <!-- com.testing.GoogleTest -->
