<?xml version="1.0" encoding="UTF-8"?>
<!-- Generated by org.testng.reporters.JUnitReportReporter -->
<testsuite hostname="NANY1203LP83ZP2" failures="0" tests="4" name="com.testing.SampleTestNG" time="0.016" errors="0" timestamp="2022-02-24T22:12:09 EST" skipped="0">
  <testcase classname="com.testing.SampleTestNG" name="first" time="0.011"/>
  <system-out/>
  <testcase classname="com.testing.SampleTestNG" name="third" time="0.002"/>
  <system-out/>
  <testcase classname="com.testing.SampleTestNG" name="fourth" time="0.002"/>
  <system-out/>
  <testcase classname="com.testing.SampleTestNG" name="second" time="0.001"/>
  <system-out/>
</testsuite> <!-- com.testing.SampleTestNG -->
