<?xml version="1.0" encoding="UTF-8"?>
<!-- Generated by org.testng.reporters.JUnitReportReporter -->
<testsuite hostname="NANY1203LP83ZP2" failures="0" tests="2" name="com.testing.HardSoftAssertions" time="0.033" errors="0" timestamp="2022-03-04T15:56:05 EST" skipped="0">
  <testcase classname="com.testing.HardSoftAssertions" name="set1" time="0.007"/>
  <system-out/>
  <testcase classname="com.testing.HardSoftAssertions" name="set" time="0.026"/>
  <system-out/>
</testsuite> <!-- com.testing.HardSoftAssertions -->
