<?xml version="1.0" encoding="UTF-8"?>
<!-- Generated by org.testng.reporters.JUnitReportReporter -->
<testsuite hostname="NANY1203LP83ZP2" failures="0" tests="2" name="com.testing.SampleTestAnnotations" time="0.010" errors="0" timestamp="2022-02-24T23:00:32 EST" skipped="0">
  <testcase classname="com.testing.SampleTestAnnotations" name="testGoogleTitle" time="0.004"/>
  <system-out/>
  <testcase classname="com.testing.SampleTestAnnotations" name="testGoogleSearchbox" time="0.006"/>
  <system-out/>
</testsuite> <!-- com.testing.SampleTestAnnotations -->
