<?xml version="1.0" encoding="UTF-8"?>
<!-- Generated by org.testng.reporters.JUnitReportReporter -->
<testsuite hostname="NANY1203LP83ZP2" failures="0" tests="3" name="com.testing.GoogleTest" time="18.178" errors="0" timestamp="2022-02-24T23:56:34 EST" skipped="0">
  <testcase classname="com.testing.GoogleTest" name="googleGmailLinkVerify" time="7.733"/>
  <system-out/>
  <testcase classname="com.testing.GoogleTest" name="googleTitleVerify" time="5.296"/>
  <system-out/>
  <testcase classname="com.testing.GoogleTest" name="googleLogoVerify" time="5.149"/>
  <system-out/>
</testsuite> <!-- com.testing.GoogleTest -->
