<?xml version="1.0" encoding="UTF-8"?>
<!-- Generated by org.testng.reporters.JUnitReportReporter -->
<testsuite hostname="NANY1203LP83ZP2" failures="0" tests="1" name="com.testing.SampleTest1" time="0.012" errors="0" timestamp="2022-02-25T00:44:01 EST" skipped="0">
  <testcase classname="com.testing.SampleTest1" name="set" time="0.012"/>
  <system-out/>
</testsuite> <!-- com.testing.SampleTest1 -->
