<?xml version="1.0" encoding="UTF-8"?>
<!-- Generated by org.testng.reporters.JUnitReportReporter -->
<testsuite hostname="NANY1203LP83ZP2" failures="0" tests="4" name="com.testing.TestNGfeatures" time="0.023" errors="0" timestamp="2022-02-25T13:40:51 EST" skipped="0">
  <testcase classname="com.testing.TestNGfeatures" name="loginTest" time="0.002"/>
  <system-out/>
  <testcase classname="com.testing.TestNGfeatures" name="loginTest" time="0.014"/>
  <system-out/>
  <testcase classname="com.testing.TestNGfeatures" name="registerPage" time="0.003"/>
  <system-out/>
  <testcase classname="com.testing.TestNGfeatures" name="testExpected" time="0.004"/>
  <system-out/>
</testsuite> <!-- com.testing.TestNGfeatures -->
