<?xml version="1.0" encoding="UTF-8"?>
<!-- Generated by org.testng.reporters.JUnitReportReporter -->
<testsuite hostname="NANY1203LP83ZP2" failures="0" tests="9" name="com.testing.SampleExtentReport" time="0.080" errors="0" timestamp="2022-03-04T15:25:33 EST" skipped="0">
  <testcase classname="com.testing.SampleExtentReport" name="f3" time="0.006"/>
  <system-out/>
  <testcase classname="com.testing.SampleExtentReport" name="f1" time="0.024"/>
  <system-out/>
  <testcase classname="com.testing.SampleExtentReport" name="f6" time="0.002"/>
  <system-out/>
  <testcase classname="com.testing.SampleExtentReport" name="f7" time="0.002"/>
  <system-out/>
  <testcase classname="com.testing.SampleExtentReport" name="f2" time="0.015"/>
  <system-out/>
  <testcase classname="com.testing.SampleExtentReport" name="f4" time="0.007"/>
  <system-out/>
  <testcase classname="com.testing.SampleExtentReport" name="f9" time="0.001"/>
  <system-out/>
  <testcase classname="com.testing.SampleExtentReport" name="f8" time="0.020"/>
  <system-out/>
  <testcase classname="com.testing.SampleExtentReport" name="f5" time="0.003"/>
  <system-out/>
</testsuite> <!-- com.testing.SampleExtentReport -->
