<?xml version="1.0" encoding="UTF-8"?>
<!-- Generated by org.testng.reporters.JUnitReportReporter -->
<testsuite hostname="NANY1203LP83ZP2" failures="0" tests="1" name="com.testing.Testw" time="0.002" errors="0" timestamp="2022-02-24T17:46:16 EST" skipped="0">
  <testcase classname="com.testing.Testw" name="set" time="0.002"/>
  <system-out/>
</testsuite> <!-- com.testing.Testw -->
