<?xml version="1.0" encoding="UTF-8"?>
<!-- Generated by org.testng.reporters.JUnitReportReporter -->
<testsuite hostname="NANY1203LP83ZP2" failures="0" tests="1" name="com.selenium.WindowHandles" time="0.566" errors="0" timestamp="2022-03-04T22:56:25 EST" skipped="0">
  <testcase classname="com.selenium.WindowHandles" name="wHandleNewWindow" time="0.566"/>
  <system-out/>
</testsuite> <!-- com.selenium.WindowHandles -->
